<?xml version="1.0" encoding="UTF-8"?>
<testng-results ignored="0" total="1" passed="1" failed="0" skipped="0">
  <reporter-output>
  </reporter-output>
  <suite started-at="2023-11-29T13:11:01 IST" name="Default suite" finished-at="2023-11-29T13:11:25 IST" duration-ms="23784">
    <groups>
    </groups>
    <test started-at="2023-11-29T13:11:01 IST" name="Default test" finished-at="2023-11-29T13:11:25 IST" duration-ms="23784">
      <class name="com.MyStore.Testcases.TC_VerifySubTotalAmount">
        <test-method is-config="true" signature="setup()[pri:0, instance:com.MyStore.Testcases.TC_VerifySubTotalAmount@4802796d]" started-at="2023-11-29T13:11:01 IST" name="setup" finished-at="2023-11-29T13:11:15 IST" duration-ms="14383" status="PASS">
          <reporter-output>
          </reporter-output>
        </test-method> <!-- setup -->
        <test-method signature="verifySubTotalAmount()[pri:0, instance:com.MyStore.Testcases.TC_VerifySubTotalAmount@4802796d]" started-at="2023-11-29T13:11:15 IST" name="verifySubTotalAmount" finished-at="2023-11-29T13:11:25 IST" duration-ms="9353" status="PASS">
          <reporter-output>
          </reporter-output>
        </test-method> <!-- verifySubTotalAmount -->
      </class> <!-- com.MyStore.Testcases.TC_VerifySubTotalAmount -->
    </test> <!-- Default test -->
  </suite> <!-- Default suite -->
</testng-results>
