<?xml version="1.0" encoding="UTF-8"?>
<testng-results ignored="0" total="1" passed="1" failed="0" skipped="0">
  <reporter-output>
  </reporter-output>
  <suite started-at="2023-11-28T16:34:28 IST" name="Default suite" finished-at="2023-11-28T16:34:32 IST" duration-ms="4153">
    <groups>
    </groups>
    <test started-at="2023-11-28T16:34:28 IST" name="Default test" finished-at="2023-11-28T16:34:32 IST" duration-ms="4153">
      <class name="com.MyStore.Testcases.TC_LoginTest">
        <test-method is-config="true" signature="setup()[pri:0, instance:com.MyStore.Testcases.TC_LoginTest@7b98f307]" started-at="2023-11-28T16:34:28 IST" name="setup" finished-at="2023-11-28T16:34:31 IST" duration-ms="3457" status="PASS">
          <reporter-output>
          </reporter-output>
        </test-method> <!-- setup -->
        <test-method signature="loginTest()[pri:0, instance:com.MyStore.Testcases.TC_LoginTest@7b98f307]" started-at="2023-11-28T16:34:31 IST" name="loginTest" finished-at="2023-11-28T16:34:32 IST" duration-ms="645" status="PASS">
          <reporter-output>
          </reporter-output>
        </test-method> <!-- loginTest -->
      </class> <!-- com.MyStore.Testcases.TC_LoginTest -->
    </test> <!-- Default test -->
  </suite> <!-- Default suite -->
</testng-results>
